{"C:\\Users\\admin\\Documents\\GitHub\\Project\\st-2-rest-api\\src\\controllers\\group.controller.ts": {"path":"C:\\Users\\admin\\Documents\\GitHub\\Project\\st-2-rest-api\\src\\controllers\\group.controller.ts","statementMap":{"0":{"start":{"line":11,"column":4},"end":{"line":11,"column":37}},"1":{"start":{"line":16,"column":17},"end":{"line":16,"column":69}},"2":{"start":{"line":17,"column":4},"end":{"line":21,"column":5}},"3":{"start":{"line":18,"column":6},"end":{"line":18,"column":33}},"4":{"start":{"line":20,"column":6},"end":{"line":20,"column":46}},"5":{"start":{"line":36,"column":29},"end":{"line":36,"column":54}},"6":{"start":{"line":37,"column":4},"end":{"line":42,"column":5}},"7":{"start":{"line":38,"column":23},"end":{"line":38,"column":65}},"8":{"start":{"line":39,"column":6},"end":{"line":39,"column":91}},"9":{"start":{"line":41,"column":6},"end":{"line":41,"column":42}},"10":{"start":{"line":47,"column":29},"end":{"line":47,"column":54}},"11":{"start":{"line":48,"column":4},"end":{"line":53,"column":5}},"12":{"start":{"line":49,"column":26},"end":{"line":49,"column":83}},"13":{"start":{"line":50,"column":6},"end":{"line":50,"column":100}},"14":{"start":{"line":52,"column":6},"end":{"line":52,"column":42}},"15":{"start":{"line":58,"column":19},"end":{"line":58,"column":69}},"16":{"start":{"line":59,"column":4},"end":{"line":63,"column":5}},"17":{"start":{"line":60,"column":6},"end":{"line":60,"column":48}},"18":{"start":{"line":62,"column":6},"end":{"line":62,"column":46}}},"fnMap":{"0":{"name":"(anonymous_0)","decl":{"start":{"line":10,"column":2},"end":{"line":10,"column":3}},"loc":{"start":{"line":10,"column":50},"end":{"line":12,"column":3}},"line":10},"1":{"name":"(anonymous_1)","decl":{"start":{"line":14,"column":2},"end":{"line":14,"column":3}},"loc":{"start":{"line":15,"column":81},"end":{"line":22,"column":3}},"line":15},"2":{"name":"(anonymous_2)","decl":{"start":{"line":34,"column":2},"end":{"line":34,"column":3}},"loc":{"start":{"line":35,"column":84},"end":{"line":43,"column":3}},"line":35},"3":{"name":"(anonymous_3)","decl":{"start":{"line":45,"column":2},"end":{"line":45,"column":3}},"loc":{"start":{"line":46,"column":84},"end":{"line":54,"column":3}},"line":46},"4":{"name":"(anonymous_4)","decl":{"start":{"line":56,"column":2},"end":{"line":56,"column":3}},"loc":{"start":{"line":57,"column":84},"end":{"line":64,"column":3}},"line":57}},"branchMap":{"0":{"loc":{"start":{"line":17,"column":4},"end":{"line":21,"column":5}},"type":"if","locations":[{"start":{"line":17,"column":4},"end":{"line":21,"column":5}},{"start":{"line":19,"column":11},"end":{"line":21,"column":5}}],"line":17},"1":{"loc":{"start":{"line":37,"column":4},"end":{"line":42,"column":5}},"type":"if","locations":[{"start":{"line":37,"column":4},"end":{"line":42,"column":5}},{"start":{"line":40,"column":11},"end":{"line":42,"column":5}}],"line":37},"2":{"loc":{"start":{"line":39,"column":17},"end":{"line":39,"column":37}},"type":"cond-expr","locations":[{"start":{"line":39,"column":28},"end":{"line":39,"column":31}},{"start":{"line":39,"column":34},"end":{"line":39,"column":37}}],"line":39},"3":{"loc":{"start":{"line":39,"column":44},"end":{"line":39,"column":89}},"type":"cond-expr","locations":[{"start":{"line":39,"column":55},"end":{"line":39,"column":63}},{"start":{"line":39,"column":66},"end":{"line":39,"column":89}}],"line":39},"4":{"loc":{"start":{"line":48,"column":4},"end":{"line":53,"column":5}},"type":"if","locations":[{"start":{"line":48,"column":4},"end":{"line":53,"column":5}},{"start":{"line":51,"column":11},"end":{"line":53,"column":5}}],"line":48},"5":{"loc":{"start":{"line":50,"column":17},"end":{"line":50,"column":40}},"type":"cond-expr","locations":[{"start":{"line":50,"column":31},"end":{"line":50,"column":34}},{"start":{"line":50,"column":37},"end":{"line":50,"column":40}}],"line":50},"6":{"loc":{"start":{"line":50,"column":47},"end":{"line":50,"column":98}},"type":"cond-expr","locations":[{"start":{"line":50,"column":61},"end":{"line":50,"column":72}},{"start":{"line":50,"column":75},"end":{"line":50,"column":98}}],"line":50},"7":{"loc":{"start":{"line":59,"column":4},"end":{"line":63,"column":5}},"type":"if","locations":[{"start":{"line":59,"column":4},"end":{"line":63,"column":5}},{"start":{"line":61,"column":11},"end":{"line":63,"column":5}}],"line":59}},"s":{"0":1,"1":1,"2":1,"3":1,"4":0,"5":1,"6":1,"7":1,"8":1,"9":0,"10":1,"11":1,"12":1,"13":1,"14":0,"15":1,"16":1,"17":1,"18":0},"f":{"0":1,"1":1,"2":1,"3":1,"4":1},"b":{"0":[1,0],"1":[1,0],"2":[1,0],"3":[1,0],"4":[1,0],"5":[1,0],"6":[1,0],"7":[1,0]},"_coverageSchema":"1a1c01bbd47fc00a2c39e90264f33305004495a9","hash":"301a88566a8906d57185018f679e7bc1ac9af26d"}
,"C:\\Users\\admin\\Documents\\GitHub\\Project\\st-2-rest-api\\src\\controllers\\user.controller.ts": {"path":"C:\\Users\\admin\\Documents\\GitHub\\Project\\st-2-rest-api\\src\\controllers\\user.controller.ts","statementMap":{"0":{"start":{"line":11,"column":4},"end":{"line":11,"column":35}},"1":{"start":{"line":16,"column":17},"end":{"line":16,"column":67}},"2":{"start":{"line":17,"column":4},"end":{"line":21,"column":5}},"3":{"start":{"line":18,"column":6},"end":{"line":18,"column":33}},"4":{"start":{"line":20,"column":6},"end":{"line":20,"column":45}},"5":{"start":{"line":23,"column":4},"end":{"line":23,"column":11}},"6":{"start":{"line":28,"column":19},"end":{"line":31,"column":5}},"7":{"start":{"line":32,"column":4},"end":{"line":36,"column":5}},"8":{"start":{"line":33,"column":6},"end":{"line":33,"column":35}},"9":{"start":{"line":35,"column":6},"end":{"line":35,"column":46}},"10":{"start":{"line":41,"column":29},"end":{"line":41,"column":53}},"11":{"start":{"line":42,"column":4},"end":{"line":47,"column":5}},"12":{"start":{"line":43,"column":22},"end":{"line":43,"column":62}},"13":{"start":{"line":44,"column":6},"end":{"line":44,"column":87}},"14":{"start":{"line":46,"column":6},"end":{"line":46,"column":42}},"15":{"start":{"line":52,"column":29},"end":{"line":52,"column":53}},"16":{"start":{"line":53,"column":4},"end":{"line":58,"column":5}},"17":{"start":{"line":54,"column":25},"end":{"line":54,"column":80}},"18":{"start":{"line":55,"column":6},"end":{"line":55,"column":96}},"19":{"start":{"line":57,"column":6},"end":{"line":57,"column":42}},"20":{"start":{"line":63,"column":19},"end":{"line":63,"column":67}},"21":{"start":{"line":64,"column":4},"end":{"line":66,"column":5}},"22":{"start":{"line":65,"column":6},"end":{"line":65,"column":47}},"23":{"start":{"line":67,"column":4},"end":{"line":67,"column":43}}},"fnMap":{"0":{"name":"(anonymous_0)","decl":{"start":{"line":10,"column":2},"end":{"line":10,"column":3}},"loc":{"start":{"line":10,"column":48},"end":{"line":12,"column":3}},"line":10},"1":{"name":"(anonymous_1)","decl":{"start":{"line":14,"column":2},"end":{"line":14,"column":3}},"loc":{"start":{"line":15,"column":80},"end":{"line":24,"column":3}},"line":15},"2":{"name":"(anonymous_2)","decl":{"start":{"line":26,"column":2},"end":{"line":26,"column":3}},"loc":{"start":{"line":27,"column":63},"end":{"line":37,"column":3}},"line":27},"3":{"name":"(anonymous_3)","decl":{"start":{"line":39,"column":2},"end":{"line":39,"column":3}},"loc":{"start":{"line":40,"column":83},"end":{"line":48,"column":3}},"line":40},"4":{"name":"(anonymous_4)","decl":{"start":{"line":50,"column":2},"end":{"line":50,"column":3}},"loc":{"start":{"line":51,"column":83},"end":{"line":59,"column":3}},"line":51},"5":{"name":"(anonymous_5)","decl":{"start":{"line":61,"column":2},"end":{"line":61,"column":3}},"loc":{"start":{"line":62,"column":83},"end":{"line":68,"column":3}},"line":62}},"branchMap":{"0":{"loc":{"start":{"line":17,"column":4},"end":{"line":21,"column":5}},"type":"if","locations":[{"start":{"line":17,"column":4},"end":{"line":21,"column":5}},{"start":{"line":19,"column":11},"end":{"line":21,"column":5}}],"line":17},"1":{"loc":{"start":{"line":32,"column":4},"end":{"line":36,"column":5}},"type":"if","locations":[{"start":{"line":32,"column":4},"end":{"line":36,"column":5}},{"start":{"line":34,"column":11},"end":{"line":36,"column":5}}],"line":32},"2":{"loc":{"start":{"line":42,"column":4},"end":{"line":47,"column":5}},"type":"if","locations":[{"start":{"line":42,"column":4},"end":{"line":47,"column":5}},{"start":{"line":45,"column":11},"end":{"line":47,"column":5}}],"line":42},"3":{"loc":{"start":{"line":44,"column":17},"end":{"line":44,"column":36}},"type":"cond-expr","locations":[{"start":{"line":44,"column":27},"end":{"line":44,"column":30}},{"start":{"line":44,"column":33},"end":{"line":44,"column":36}}],"line":44},"4":{"loc":{"start":{"line":44,"column":43},"end":{"line":44,"column":85}},"type":"cond-expr","locations":[{"start":{"line":44,"column":53},"end":{"line":44,"column":60}},{"start":{"line":44,"column":63},"end":{"line":44,"column":85}}],"line":44},"5":{"loc":{"start":{"line":53,"column":4},"end":{"line":58,"column":5}},"type":"if","locations":[{"start":{"line":53,"column":4},"end":{"line":58,"column":5}},{"start":{"line":56,"column":11},"end":{"line":58,"column":5}}],"line":53},"6":{"loc":{"start":{"line":55,"column":17},"end":{"line":55,"column":39}},"type":"cond-expr","locations":[{"start":{"line":55,"column":30},"end":{"line":55,"column":33}},{"start":{"line":55,"column":36},"end":{"line":55,"column":39}}],"line":55},"7":{"loc":{"start":{"line":55,"column":46},"end":{"line":55,"column":94}},"type":"cond-expr","locations":[{"start":{"line":55,"column":59},"end":{"line":55,"column":69}},{"start":{"line":55,"column":72},"end":{"line":55,"column":94}}],"line":55},"8":{"loc":{"start":{"line":64,"column":4},"end":{"line":66,"column":5}},"type":"if","locations":[{"start":{"line":64,"column":4},"end":{"line":66,"column":5}},{"start":{},"end":{}}],"line":64}},"s":{"0":1,"1":1,"2":1,"3":1,"4":0,"5":1,"6":0,"7":0,"8":0,"9":0,"10":1,"11":1,"12":1,"13":1,"14":0,"15":1,"16":1,"17":1,"18":1,"19":0,"20":1,"21":1,"22":0,"23":1},"f":{"0":1,"1":1,"2":0,"3":1,"4":1,"5":1},"b":{"0":[1,0],"1":[0,0],"2":[1,0],"3":[1,0],"4":[1,0],"5":[1,0],"6":[1,0],"7":[1,0],"8":[0,1]},"_coverageSchema":"1a1c01bbd47fc00a2c39e90264f33305004495a9","hash":"fa6213a1d9bc2ac47edd31f428241c8731b98192"}
,"C:\\Users\\admin\\Documents\\GitHub\\Project\\st-2-rest-api\\src\\decorator\\tryCatchWrapper.decarator.ts": {"path":"C:\\Users\\admin\\Documents\\GitHub\\Project\\st-2-rest-api\\src\\decorator\\tryCatchWrapper.decarator.ts","statementMap":{"0":{"start":{"line":3,"column":31},"end":{"line":19,"column":1}},"1":{"start":{"line":8,"column":17},"end":{"line":8,"column":33}},"2":{"start":{"line":9,"column":2},"end":{"line":18,"column":4}},"3":{"start":{"line":10,"column":4},"end":{"line":17,"column":5}},"4":{"start":{"line":11,"column":21},"end":{"line":11,"column":51}},"5":{"start":{"line":12,"column":6},"end":{"line":12,"column":20}},"6":{"start":{"line":14,"column":6},"end":{"line":14,"column":51}},"7":{"start":{"line":15,"column":25},"end":{"line":15,"column":29}},"8":{"start":{"line":16,"column":6},"end":{"line":16,"column":16}}},"fnMap":{"0":{"name":"(anonymous_0)","decl":{"start":{"line":3,"column":31},"end":{"line":3,"column":32}},"loc":{"start":{"line":7,"column":11},"end":{"line":19,"column":1}},"line":7},"1":{"name":"(anonymous_1)","decl":{"start":{"line":9,"column":21},"end":{"line":9,"column":22}},"loc":{"start":{"line":9,"column":45},"end":{"line":18,"column":3}},"line":9}},"branchMap":{"0":{"loc":{"start":{"line":14,"column":26},"end":{"line":14,"column":49}},"type":"binary-expr","locations":[{"start":{"line":14,"column":26},"end":{"line":14,"column":37}},{"start":{"line":14,"column":41},"end":{"line":14,"column":49}}],"line":14}},"s":{"0":2,"1":9,"2":9,"3":8,"4":8,"5":8,"6":0,"7":0,"8":0},"f":{"0":9,"1":8},"b":{"0":[0,0]},"_coverageSchema":"1a1c01bbd47fc00a2c39e90264f33305004495a9","hash":"216504f963c1da965156ea3b21823ceee2e77cbb"}
,"C:\\Users\\admin\\Documents\\GitHub\\Project\\st-2-rest-api\\src\\loggers\\winston.loggers.ts": {"path":"C:\\Users\\admin\\Documents\\GitHub\\Project\\st-2-rest-api\\src\\loggers\\winston.loggers.ts","statementMap":{"0":{"start":{"line":5,"column":15},"end":{"line":8,"column":1}},"1":{"start":{"line":7,"column":32},"end":{"line":7,"column":82}},"2":{"start":{"line":10,"column":29},"end":{"line":16,"column":2}},"3":{"start":{"line":18,"column":62},"end":{"line":27,"column":1}},"4":{"start":{"line":19,"column":2},"end":{"line":19,"column":53}},"5":{"start":{"line":20,"column":2},"end":{"line":26,"column":3}},"6":{"start":{"line":21,"column":4},"end":{"line":21,"column":56}},"7":{"start":{"line":22,"column":9},"end":{"line":26,"column":3}},"8":{"start":{"line":23,"column":4},"end":{"line":23,"column":49}},"9":{"start":{"line":25,"column":4},"end":{"line":25,"column":61}}},"fnMap":{"0":{"name":"(anonymous_0)","decl":{"start":{"line":7,"column":24},"end":{"line":7,"column":25}},"loc":{"start":{"line":7,"column":32},"end":{"line":7,"column":82}},"line":7},"1":{"name":"(anonymous_1)","decl":{"start":{"line":18,"column":62},"end":{"line":18,"column":63}},"loc":{"start":{"line":18,"column":81},"end":{"line":27,"column":1}},"line":18}},"branchMap":{"0":{"loc":{"start":{"line":20,"column":2},"end":{"line":26,"column":3}},"type":"if","locations":[{"start":{"line":20,"column":2},"end":{"line":26,"column":3}},{"start":{"line":22,"column":9},"end":{"line":26,"column":3}}],"line":20},"1":{"loc":{"start":{"line":22,"column":9},"end":{"line":26,"column":3}},"type":"if","locations":[{"start":{"line":22,"column":9},"end":{"line":26,"column":3}},{"start":{"line":24,"column":9},"end":{"line":26,"column":3}}],"line":22}},"s":{"0":2,"1":0,"2":2,"3":2,"4":0,"5":0,"6":0,"7":0,"8":0,"9":0},"f":{"0":0,"1":0},"b":{"0":[0,0],"1":[0,0]},"_coverageSchema":"1a1c01bbd47fc00a2c39e90264f33305004495a9","hash":"442ea0d2ce83a95c044c781dbe747e0e57860280"}
,"C:\\Users\\admin\\Documents\\GitHub\\Project\\st-2-rest-api\\src\\mocks\\mock.ts": {"path":"C:\\Users\\admin\\Documents\\GitHub\\Project\\st-2-rest-api\\src\\mocks\\mock.ts","statementMap":{"0":{"start":{"line":3,"column":16},"end":{"line":3,"column":25}},"1":{"start":{"line":4,"column":4},"end":{"line":4,"column":46}},"2":{"start":{"line":5,"column":4},"end":{"line":5,"column":48}},"3":{"start":{"line":6,"column":4},"end":{"line":6,"column":15}},"4":{"start":{"line":10,"column":16},"end":{"line":10,"column":25}},"5":{"start":{"line":11,"column":4},"end":{"line":11,"column":46}},"6":{"start":{"line":12,"column":4},"end":{"line":12,"column":48}},"7":{"start":{"line":13,"column":4},"end":{"line":13,"column":46}},"8":{"start":{"line":14,"column":4},"end":{"line":14,"column":15}},"9":{"start":{"line":16,"column":18},"end":{"line":16,"column":27}}},"fnMap":{"0":{"name":"(anonymous_0)","decl":{"start":{"line":2,"column":15},"end":{"line":2,"column":16}},"loc":{"start":{"line":2,"column":21},"end":{"line":7,"column":3}},"line":2},"1":{"name":"(anonymous_1)","decl":{"start":{"line":9,"column":16},"end":{"line":9,"column":17}},"loc":{"start":{"line":9,"column":22},"end":{"line":15,"column":3}},"line":9},"2":{"name":"(anonymous_2)","decl":{"start":{"line":16,"column":12},"end":{"line":16,"column":13}},"loc":{"start":{"line":16,"column":18},"end":{"line":16,"column":27}},"line":16}},"branchMap":{},"s":{"0":2,"1":2,"2":2,"3":2,"4":2,"5":2,"6":2,"7":2,"8":2,"9":1},"f":{"0":2,"1":2,"2":1},"b":{},"_coverageSchema":"1a1c01bbd47fc00a2c39e90264f33305004495a9","hash":"f0285711ec268c7f714a1f608f1fcb35484f755e"}
,"C:\\Users\\admin\\Documents\\GitHub\\Project\\st-2-rest-api\\src\\services\\InMemory-group.service.ts": {"path":"C:\\Users\\admin\\Documents\\GitHub\\Project\\st-2-rest-api\\src\\services\\InMemory-group.service.ts","statementMap":{"0":{"start":{"line":12,"column":18},"end":{"line":15,"column":3}},"1":{"start":{"line":13,"column":18},"end":{"line":13,"column":52}},"2":{"start":{"line":13,"column":40},"end":{"line":13,"column":51}},"3":{"start":{"line":14,"column":4},"end":{"line":14,"column":32}},"4":{"start":{"line":17,"column":16},"end":{"line":21,"column":3}},"5":{"start":{"line":18,"column":21},"end":{"line":18,"column":46}},"6":{"start":{"line":19,"column":4},"end":{"line":19,"column":31}},"7":{"start":{"line":20,"column":4},"end":{"line":20,"column":20}},"8":{"start":{"line":23,"column":16},"end":{"line":27,"column":3}},"9":{"start":{"line":24,"column":18},"end":{"line":24,"column":52}},"10":{"start":{"line":24,"column":40},"end":{"line":24,"column":51}},"11":{"start":{"line":25,"column":4},"end":{"line":25,"column":55}},"12":{"start":{"line":25,"column":42},"end":{"line":25,"column":53}},"13":{"start":{"line":26,"column":4},"end":{"line":26,"column":32}},"14":{"start":{"line":29,"column":16},"end":{"line":36,"column":3}},"15":{"start":{"line":30,"column":4},"end":{"line":34,"column":5}},"16":{"start":{"line":31,"column":20},"end":{"line":31,"column":59}},"17":{"start":{"line":31,"column":47},"end":{"line":31,"column":58}},"18":{"start":{"line":32,"column":6},"end":{"line":32,"column":47}},"19":{"start":{"line":33,"column":6},"end":{"line":33,"column":32}},"20":{"start":{"line":35,"column":4},"end":{"line":35,"column":17}}},"fnMap":{"0":{"name":"(anonymous_0)","decl":{"start":{"line":6,"column":2},"end":{"line":6,"column":3}},"loc":{"start":{"line":10,"column":6},"end":{"line":10,"column":8}},"line":10},"1":{"name":"(anonymous_1)","decl":{"start":{"line":12,"column":18},"end":{"line":12,"column":19}},"loc":{"start":{"line":12,"column":34},"end":{"line":15,"column":3}},"line":12},"2":{"name":"(anonymous_2)","decl":{"start":{"line":13,"column":35},"end":{"line":13,"column":36}},"loc":{"start":{"line":13,"column":40},"end":{"line":13,"column":51}},"line":13},"3":{"name":"(anonymous_3)","decl":{"start":{"line":17,"column":16},"end":{"line":17,"column":17}},"loc":{"start":{"line":17,"column":45},"end":{"line":21,"column":3}},"line":17},"4":{"name":"(anonymous_4)","decl":{"start":{"line":23,"column":16},"end":{"line":23,"column":17}},"loc":{"start":{"line":23,"column":32},"end":{"line":27,"column":3}},"line":23},"5":{"name":"(anonymous_5)","decl":{"start":{"line":24,"column":35},"end":{"line":24,"column":36}},"loc":{"start":{"line":24,"column":40},"end":{"line":24,"column":51}},"line":24},"6":{"name":"(anonymous_6)","decl":{"start":{"line":25,"column":37},"end":{"line":25,"column":38}},"loc":{"start":{"line":25,"column":42},"end":{"line":25,"column":53}},"line":25},"7":{"name":"(anonymous_7)","decl":{"start":{"line":29,"column":16},"end":{"line":29,"column":17}},"loc":{"start":{"line":29,"column":57},"end":{"line":36,"column":3}},"line":29},"8":{"name":"(anonymous_8)","decl":{"start":{"line":31,"column":42},"end":{"line":31,"column":43}},"loc":{"start":{"line":31,"column":47},"end":{"line":31,"column":58}},"line":31}},"branchMap":{"0":{"loc":{"start":{"line":6,"column":23},"end":{"line":10,"column":4}},"type":"default-arg","locations":[{"start":{"line":6,"column":41},"end":{"line":10,"column":4}}],"line":6},"1":{"loc":{"start":{"line":14,"column":11},"end":{"line":14,"column":31}},"type":"cond-expr","locations":[{"start":{"line":14,"column":19},"end":{"line":14,"column":24}},{"start":{"line":14,"column":27},"end":{"line":14,"column":31}}],"line":14},"2":{"loc":{"start":{"line":26,"column":11},"end":{"line":26,"column":31}},"type":"cond-expr","locations":[{"start":{"line":26,"column":19},"end":{"line":26,"column":23}},{"start":{"line":26,"column":26},"end":{"line":26,"column":31}}],"line":26},"3":{"loc":{"start":{"line":30,"column":4},"end":{"line":34,"column":5}},"type":"if","locations":[{"start":{"line":30,"column":4},"end":{"line":34,"column":5}},{"start":{},"end":{}}],"line":30}},"s":{"0":1,"1":1,"2":1,"3":1,"4":1,"5":1,"6":1,"7":1,"8":1,"9":1,"10":1,"11":1,"12":1,"13":1,"14":1,"15":1,"16":1,"17":1,"18":1,"19":1,"20":0},"f":{"0":1,"1":1,"2":1,"3":1,"4":1,"5":1,"6":1,"7":1,"8":1},"b":{"0":[1],"1":[1,0],"2":[1,0],"3":[1,0]},"_coverageSchema":"1a1c01bbd47fc00a2c39e90264f33305004495a9","hash":"bfb56983624d84914a53cf15e08d381ecca46b42"}
,"C:\\Users\\admin\\Documents\\GitHub\\Project\\st-2-rest-api\\src\\services\\InMemory-user.service.ts": {"path":"C:\\Users\\admin\\Documents\\GitHub\\Project\\st-2-rest-api\\src\\services\\InMemory-user.service.ts","statementMap":{"0":{"start":{"line":32,"column":17},"end":{"line":35,"column":3}},"1":{"start":{"line":33,"column":17},"end":{"line":33,"column":75}},"2":{"start":{"line":33,"column":38},"end":{"line":33,"column":74}},"3":{"start":{"line":34,"column":4},"end":{"line":34,"column":30}},"4":{"start":{"line":37,"column":15},"end":{"line":41,"column":3}},"5":{"start":{"line":38,"column":20},"end":{"line":38,"column":45}},"6":{"start":{"line":39,"column":4},"end":{"line":39,"column":29}},"7":{"start":{"line":40,"column":4},"end":{"line":40,"column":19}},"8":{"start":{"line":43,"column":15},"end":{"line":47,"column":3}},"9":{"start":{"line":44,"column":18},"end":{"line":44,"column":56}},"10":{"start":{"line":44,"column":44},"end":{"line":44,"column":55}},"11":{"start":{"line":45,"column":4},"end":{"line":45,"column":39}},"12":{"start":{"line":46,"column":4},"end":{"line":46,"column":32}},"13":{"start":{"line":49,"column":15},"end":{"line":56,"column":3}},"14":{"start":{"line":50,"column":4},"end":{"line":54,"column":5}},"15":{"start":{"line":51,"column":24},"end":{"line":51,"column":62}},"16":{"start":{"line":51,"column":50},"end":{"line":51,"column":61}},"17":{"start":{"line":52,"column":6},"end":{"line":52,"column":50}},"18":{"start":{"line":53,"column":6},"end":{"line":53,"column":35}},"19":{"start":{"line":55,"column":4},"end":{"line":55,"column":17}},"20":{"start":{"line":58,"column":15},"end":{"line":62,"column":3}},"21":{"start":{"line":59,"column":18},"end":{"line":59,"column":51}},"22":{"start":{"line":60,"column":24},"end":{"line":60,"column":169}},"23":{"start":{"line":60,"column":48},"end":{"line":60,"column":126}},"24":{"start":{"line":60,"column":142},"end":{"line":60,"column":168}},"25":{"start":{"line":61,"column":4},"end":{"line":61,"column":89}}},"fnMap":{"0":{"name":"(anonymous_0)","decl":{"start":{"line":6,"column":2},"end":{"line":6,"column":3}},"loc":{"start":{"line":30,"column":4},"end":{"line":30,"column":6}},"line":30},"1":{"name":"(anonymous_1)","decl":{"start":{"line":32,"column":17},"end":{"line":32,"column":18}},"loc":{"start":{"line":32,"column":33},"end":{"line":35,"column":3}},"line":32},"2":{"name":"(anonymous_2)","decl":{"start":{"line":33,"column":33},"end":{"line":33,"column":34}},"loc":{"start":{"line":33,"column":38},"end":{"line":33,"column":74}},"line":33},"3":{"name":"(anonymous_3)","decl":{"start":{"line":37,"column":15},"end":{"line":37,"column":16}},"loc":{"start":{"line":37,"column":43},"end":{"line":41,"column":3}},"line":37},"4":{"name":"(anonymous_4)","decl":{"start":{"line":43,"column":15},"end":{"line":43,"column":16}},"loc":{"start":{"line":43,"column":31},"end":{"line":47,"column":3}},"line":43},"5":{"name":"(anonymous_5)","decl":{"start":{"line":44,"column":39},"end":{"line":44,"column":40}},"loc":{"start":{"line":44,"column":44},"end":{"line":44,"column":55}},"line":44},"6":{"name":"(anonymous_6)","decl":{"start":{"line":49,"column":15},"end":{"line":49,"column":16}},"loc":{"start":{"line":49,"column":55},"end":{"line":56,"column":3}},"line":49},"7":{"name":"(anonymous_7)","decl":{"start":{"line":51,"column":45},"end":{"line":51,"column":46}},"loc":{"start":{"line":51,"column":50},"end":{"line":51,"column":61}},"line":51},"8":{"name":"(anonymous_8)","decl":{"start":{"line":58,"column":15},"end":{"line":58,"column":16}},"loc":{"start":{"line":58,"column":54},"end":{"line":62,"column":3}},"line":58},"9":{"name":"(anonymous_9)","decl":{"start":{"line":60,"column":42},"end":{"line":60,"column":43}},"loc":{"start":{"line":60,"column":48},"end":{"line":60,"column":126}},"line":60},"10":{"name":"(anonymous_10)","decl":{"start":{"line":60,"column":133},"end":{"line":60,"column":134}},"loc":{"start":{"line":60,"column":142},"end":{"line":60,"column":168}},"line":60}},"branchMap":{"0":{"loc":{"start":{"line":7,"column":12},"end":{"line":29,"column":5}},"type":"default-arg","locations":[{"start":{"line":7,"column":28},"end":{"line":29,"column":5}}],"line":7},"1":{"loc":{"start":{"line":33,"column":38},"end":{"line":33,"column":74}},"type":"binary-expr","locations":[{"start":{"line":33,"column":38},"end":{"line":33,"column":49}},{"start":{"line":33,"column":53},"end":{"line":33,"column":74}}],"line":33},"2":{"loc":{"start":{"line":34,"column":11},"end":{"line":34,"column":29}},"type":"cond-expr","locations":[{"start":{"line":34,"column":18},"end":{"line":34,"column":22}},{"start":{"line":34,"column":25},"end":{"line":34,"column":29}}],"line":34},"3":{"loc":{"start":{"line":46,"column":11},"end":{"line":46,"column":31}},"type":"cond-expr","locations":[{"start":{"line":46,"column":19},"end":{"line":46,"column":23}},{"start":{"line":46,"column":26},"end":{"line":46,"column":31}}],"line":46},"4":{"loc":{"start":{"line":50,"column":4},"end":{"line":54,"column":5}},"type":"if","locations":[{"start":{"line":50,"column":4},"end":{"line":54,"column":5}},{"start":{},"end":{}}],"line":50},"5":{"loc":{"start":{"line":59,"column":18},"end":{"line":59,"column":51}},"type":"cond-expr","locations":[{"start":{"line":59,"column":30},"end":{"line":59,"column":39}},{"start":{"line":59,"column":42},"end":{"line":59,"column":51}}],"line":59},"6":{"loc":{"start":{"line":60,"column":48},"end":{"line":60,"column":126}},"type":"binary-expr","locations":[{"start":{"line":60,"column":49},"end":{"line":60,"column":100}},{"start":{"line":60,"column":105},"end":{"line":60,"column":126}}],"line":60},"7":{"loc":{"start":{"line":60,"column":49},"end":{"line":60,"column":100}},"type":"cond-expr","locations":[{"start":{"line":60,"column":56},"end":{"line":60,"column":94}},{"start":{"line":60,"column":96},"end":{"line":60,"column":100}}],"line":60},"8":{"loc":{"start":{"line":60,"column":142},"end":{"line":60,"column":168}},"type":"cond-expr","locations":[{"start":{"line":60,"column":162},"end":{"line":60,"column":163}},{"start":{"line":60,"column":166},"end":{"line":60,"column":168}}],"line":60},"9":{"loc":{"start":{"line":61,"column":11},"end":{"line":61,"column":88}},"type":"cond-expr","locations":[{"start":{"line":61,"column":19},"end":{"line":61,"column":50}},{"start":{"line":61,"column":53},"end":{"line":61,"column":88}}],"line":61}},"s":{"0":1,"1":1,"2":1,"3":1,"4":1,"5":1,"6":1,"7":1,"8":1,"9":1,"10":1,"11":1,"12":1,"13":1,"14":1,"15":1,"16":1,"17":1,"18":1,"19":0,"20":1,"21":0,"22":0,"23":0,"24":0,"25":0},"f":{"0":1,"1":1,"2":1,"3":1,"4":1,"5":1,"6":1,"7":1,"8":0,"9":0,"10":0},"b":{"0":[1],"1":[1,1],"2":[1,0],"3":[0,1],"4":[1,0],"5":[0,0],"6":[0,0],"7":[0,0],"8":[0,0],"9":[0,0]},"_coverageSchema":"1a1c01bbd47fc00a2c39e90264f33305004495a9","hash":"f832df4c2d3884ed9db47e58eec8eb03b12d7b3c"}
,"C:\\Users\\admin\\Documents\\GitHub\\Project\\st-2-rest-api\\src\\utils\\constants.ts": {"path":"C:\\Users\\admin\\Documents\\GitHub\\Project\\st-2-rest-api\\src\\utils\\constants.ts","statementMap":{"0":{"start":{"line":1,"column":29},"end":{"line":1,"column":31}},"1":{"start":{"line":2,"column":26},"end":{"line":2,"column":38}}},"fnMap":{},"branchMap":{},"s":{"0":1,"1":1},"f":{},"b":{},"_coverageSchema":"1a1c01bbd47fc00a2c39e90264f33305004495a9","hash":"a74ca4da3d1b093d1828e15ee0b020d87d4eb4f7"}
,"C:\\Users\\admin\\Documents\\GitHub\\Project\\st-2-rest-api\\src\\utils\\validate.ts": {"path":"C:\\Users\\admin\\Documents\\GitHub\\Project\\st-2-rest-api\\src\\utils\\validate.ts","statementMap":{"0":{"start":{"line":5,"column":30},"end":{"line":22,"column":1}},"1":{"start":{"line":6,"column":2},"end":{"line":21,"column":20}},"2":{"start":{"line":24,"column":31},"end":{"line":31,"column":1}},"3":{"start":{"line":25,"column":2},"end":{"line":30,"column":21}}},"fnMap":{"0":{"name":"(anonymous_0)","decl":{"start":{"line":5,"column":30},"end":{"line":5,"column":31}},"loc":{"start":{"line":5,"column":63},"end":{"line":22,"column":1}},"line":5},"1":{"name":"(anonymous_1)","decl":{"start":{"line":24,"column":31},"end":{"line":24,"column":32}},"loc":{"start":{"line":24,"column":66},"end":{"line":31,"column":1}},"line":24}},"branchMap":{},"s":{"0":2,"1":2,"2":2,"3":2},"f":{"0":2,"1":2},"b":{},"_coverageSchema":"1a1c01bbd47fc00a2c39e90264f33305004495a9","hash":"fad8bc8cc916dcd0b597d3278fe2f551b509019a"}
}
